This is pdfTeX, Version 3.14159265-2.6-1.40.15 (TeX Live 2014) (preloaded format=pdflatex 2014.8.12)  2 APR 2015 23:31
entering extended mode
 restricted \write18 enabled.
 %&-line parsing enabled.
**AA.tex
(./AA.tex
LaTeX2e <2014/05/01>
Babel <3.9k> and hyphenation patterns for 78 languages loaded.
(/usr/local/texlive/2014/texmf-dist/tex/latex/exam/exam.cls
Document Class: exam 2011/05/22 Version 2.4 by Philip Hirschhorn
(/usr/local/texlive/2014/texmf-dist/tex/latex/base/ifthen.sty
Package: ifthen 2001/05/26 v1.1c Standard LaTeX ifthen package (DPC)
)
(/usr/local/texlive/2014/texmf-dist/tex/latex/base/article.cls
Document Class: article 2007/10/19 v1.4h Standard LaTeX document class
(/usr/local/texlive/2014/texmf-dist/tex/latex/base/size12.clo
File: size12.clo 2007/10/19 v1.4h Standard LaTeX file (size option)
)
\c@part=\count79
\c@section=\count80
\c@subsection=\count81
\c@subsubsection=\count82
\c@paragraph=\count83
\c@subparagraph=\count84
\c@figure=\count85
\c@table=\count86
\abovecaptionskip=\skip41
\belowcaptionskip=\skip42
\bibindent=\dimen102
)
\@extrawidth=\skip43
\@rightmargin=\skip44
\@extrahead=\skip45
\@extrafoot=\skip46
\run@exhd=\skip47
\fp@exhd=\skip48
\run@exft=\skip49
\fp@exft=\skip50
\covrun@exhd=\skip51
\covfp@exhd=\skip52
\covrun@exft=\skip53
\covfp@exft=\skip54
\c@num@coverpages=\count87
\c@latest@ques=\count88
\c@ques@end=\count89
\c@last@object=\count90
\c@incmp@ques=\count91
\c@next@ques=\count92
\c@nextq@page=\count93
\c@tmp@hlfcntr=\count94
\c@ifpos@cntr=\count95
\c@question=\count96
\c@partno=\count97
\c@subpart=\count98
\c@subsubpart=\count99
\c@choice=\count100
\c@numpoints=\count101
\c@numbonuspoints=\count102
\c@pointsof@thisquestion=\count103
\c@bonuspointsof@thisquestion=\count104
\c@numquestions=\count105
\c@numparts=\count106
\c@numsubparts=\count107
\c@numsubsubparts=\count108
\c@Curr@Page=\count109
\c@@pagepoints=\count110
\c@@pagebonuspoints=\count111
\c@pageof@pagepoints=\count112
\c@pageof@pagebonuspoints=\count113
\c@latest@points=\count114
\c@latest@bonuspoints=\count115
\pageinfo@commands=\toks14
\temp@toks=\toks15
\pagepoint@commands=\toks16
\point@toks=\toks17
\c@ques@object=\count116
\marginpointssep=\skip55
\rightpointsmargin=\skip56
\choice@toks=\toks18
\answerlinelength=\skip57
\answerskip=\skip58
\answerclearance=\skip59
\linefillheight=\skip60
\linefillthickness=\skip61
\dottedlinefillheight=\skip62
\minboxheight=\skip63
\c@@iterator=\count117
\@cellwidth=\skip64
\c@tbl@points=\count118
\c@tbl@bonuspoints=\count119
\c@num@cols=\count120
\saved@totalleftmargin=\dimen103
\@sollistdepth=\count121
\FrameRule=\dimen104
\FrameSep=\dimen105
)
(/usr/local/texlive/2014/texmf-dist/tex/latex/amsmath/amsmath.sty
Package: amsmath 2013/01/14 v2.14 AMS math features
\@mathmargin=\skip65

For additional information on amsmath, use the `?' option.
(/usr/local/texlive/2014/texmf-dist/tex/latex/amsmath/amstext.sty
Package: amstext 2000/06/29 v2.01

(/usr/local/texlive/2014/texmf-dist/tex/latex/amsmath/amsgen.sty
File: amsgen.sty 1999/11/30 v2.0
\@emptytoks=\toks19
\ex@=\dimen106
))
(/usr/local/texlive/2014/texmf-dist/tex/latex/amsmath/amsbsy.sty
Package: amsbsy 1999/11/29 v1.2d
\pmbraise@=\dimen107
)
(/usr/local/texlive/2014/texmf-dist/tex/latex/amsmath/amsopn.sty
Package: amsopn 1999/12/14 v2.01 operator names
)
\inf@bad=\count122
LaTeX Info: Redefining \frac on input line 210.
\uproot@=\count123
\leftroot@=\count124
LaTeX Info: Redefining \overline on input line 306.
\classnum@=\count125
\DOTSCASE@=\count126
LaTeX Info: Redefining \ldots on input line 378.
LaTeX Info: Redefining \dots on input line 381.
LaTeX Info: Redefining \cdots on input line 466.
\Mathstrutbox@=\box26
\strutbox@=\box27
\big@size=\dimen108
LaTeX Font Info:    Redeclaring font encoding OML on input line 566.
LaTeX Font Info:    Redeclaring font encoding OMS on input line 567.
\macc@depth=\count127
\c@MaxMatrixCols=\count128
\dotsspace@=\muskip10
\c@parentequation=\count129
\dspbrk@lvl=\count130
\tag@help=\toks20
\row@=\count131
\column@=\count132
\maxfields@=\count133
\andhelp@=\toks21
\eqnshift@=\dimen109
\alignsep@=\dimen110
\tagshift@=\dimen111
\tagwidth@=\dimen112
\totwidth@=\dimen113
\lineht@=\dimen114
\@envbody=\toks22
\multlinegap=\skip66
\multlinetaggap=\skip67
\mathdisplay@stack=\toks23
LaTeX Info: Redefining \[ on input line 2665.
LaTeX Info: Redefining \] on input line 2666.
)
(/usr/local/texlive/2014/texmf-dist/tex/latex/amsfonts/amssymb.sty
Package: amssymb 2013/01/14 v3.01 AMS font symbols

(/usr/local/texlive/2014/texmf-dist/tex/latex/amsfonts/amsfonts.sty
Package: amsfonts 2013/01/14 v3.01 Basic AMSFonts support
\symAMSa=\mathgroup4
\symAMSb=\mathgroup5
LaTeX Font Info:    Overwriting math alphabet `\mathfrak' in version `bold'
(Font)                  U/euf/m/n --> U/euf/b/n on input line 106.
))
(/usr/local/texlive/2014/texmf-dist/tex/latex/base/fontenc.sty
Package: fontenc 2005/09/27 v1.99g Standard LaTeX package

(/usr/local/texlive/2014/texmf-dist/tex/latex/base/t1enc.def
File: t1enc.def 2005/09/27 v1.99g Standard LaTeX file
LaTeX Font Info:    Redeclaring font encoding T1 on input line 43.
))

LaTeX Warning: Unused global option(s):
    [solution].

(./AA.aux)
\openout1 = `AA.aux'.

LaTeX Font Info:    Checking defaults for OML/cmm/m/it on input line 5.
LaTeX Font Info:    ... okay on input line 5.
LaTeX Font Info:    Checking defaults for T1/cmr/m/n on input line 5.
LaTeX Font Info:    ... okay on input line 5.
LaTeX Font Info:    Checking defaults for OT1/cmr/m/n on input line 5.
LaTeX Font Info:    ... okay on input line 5.
LaTeX Font Info:    Checking defaults for OMS/cmsy/m/n on input line 5.
LaTeX Font Info:    ... okay on input line 5.
LaTeX Font Info:    Checking defaults for OMX/cmex/m/n on input line 5.
LaTeX Font Info:    ... okay on input line 5.
LaTeX Font Info:    Checking defaults for U/cmr/m/n on input line 5.
LaTeX Font Info:    ... okay on input line 5.
LaTeX Font Info:    Try loading font information for U+msa on input line 7.
 (/usr/local/texlive/2014/texmf-dist/tex/latex/amsfonts/umsa.fd
File: umsa.fd 2013/01/14 v3.01 AMS symbols A
)
LaTeX Font Info:    Try loading font information for U+msb on input line 7.

(/usr/local/texlive/2014/texmf-dist/tex/latex/amsfonts/umsb.fd
File: umsb.fd 2013/01/14 v3.01 AMS symbols B
)
Underfull \hbox (badness 10000) in paragraph at lines 7--17

 []

[1

{/usr/local/texlive/2014/texmf-var/fonts/map/pdftex/updmap/pdftex.map}]
LaTeX Font Info:    Try loading font information for OMS+cmr on input line 61.

(/usr/local/texlive/2014/texmf-dist/tex/latex/base/omscmr.fd
File: omscmr.fd 1999/05/25 v2.5h Standard LaTeX font definitions
)
LaTeX Font Info:    Font shape `OMS/cmr/m/n' in size <12> not available
(Font)              Font shape `OMS/cmsy/m/n' tried instead on input line 61.

Underfull \hbox (badness 10000) in paragraph at lines 72--92

 []

[2]
Underfull \hbox (badness 10000) in paragraph at lines 103--104

 []

LaTeX Font Info:    Try loading font information for T1+cmtt on input line 104.

(/usr/local/texlive/2014/texmf-dist/tex/latex/base/t1cmtt.fd
File: t1cmtt.fd 1999/05/25 v2.5h Standard LaTeX font definitions
)
Overfull \hbox (17.9509pt too wide) in paragraph at lines 125--125
[]    \T1/cmtt/m/n/12 Now if for an edge if we choose only one vertex it is eas
y to see the cycle[] 
 []


Overfull \hbox (36.47137pt too wide) in paragraph at lines 125--125
[]    \T1/cmtt/m/n/12 Now have k selectors S1 to Sk which are connected to all 
the entries and exit.[] 
 []


Underfull \hbox (badness 10000) in paragraph at lines 135--136

 []

[3]
Underfull \hbox (badness 10000) in paragraph at lines 142--148

 []


Underfull \hbox (badness 10000) in paragraph at lines 155--159

 []


Underfull \hbox (badness 10000) in paragraph at lines 160--170

 []


Underfull \hbox (badness 10000) in paragraph at lines 171--182

 []


Underfull \hbox (badness 10000) in paragraph at lines 183--191

 []


Underfull \hbox (badness 10000) in paragraph at lines 192--196

 []

[4]
Underfull \hbox (badness 10000) in paragraph at lines 197--203

 []


Underfull \hbox (badness 10000) in paragraph at lines 234--237

 []


Underfull \hbox (badness 10000) in paragraph at lines 253--262

 []

[5]
Underfull \hbox (badness 10000) in paragraph at lines 263--269

 []


Underfull \hbox (badness 10000) in paragraph at lines 271--277

 []


Underfull \hbox (badness 10000) in paragraph at lines 278--281

 []


Underfull \hbox (badness 10000) in paragraph at lines 282--285

 []


Underfull \hbox (badness 10000) in paragraph at lines 286--289

 []


Overfull \hbox (0.31166pt too wide) in paragraph at lines 290--322
\T1/cmr/m/n/12 Formally, as-sume $\OML/cmm/m/it/12 e[] \OMS/cmsy/m/n/12 ^^U \OM
L/cmm/m/it/12 Opt=n$\T1/cmr/m/n/12 . Op-ti-mum cost = (|$\OML/cmm/m/it/12 S[]$\
T1/cmr/m/n/12 |/|$\OML/cmm/m/it/12 S[]$\T1/cmr/m/n/12 )*cost($\OML/cmm/m/it/12 
S[]$\T1/cmr/m/n/12 ) + ... (|$\OML/cmm/m/it/12 S[]$\T1/cmr/m/n/12 |/|$\OML/cmm/
m/it/12 S[]$\T1/cmr/m/n/12 )*cost($\OML/cmm/m/it/12 S[]$\T1/cmr/m/n/12 ).
 []


Underfull \hbox (badness 10000) in paragraph at lines 290--322

 []

[6]
Underfull \hbox (badness 10000) in paragraph at lines 324--330

 []


Underfull \hbox (badness 10000) in paragraph at lines 338--345

 []


Underfull \hbox (badness 10000) in paragraph at lines 346--354

 []

[7]
Underfull \hbox (badness 10000) in paragraph at lines 367--374

 []


Underfull \hbox (badness 10000) in paragraph at lines 375--386

 []


Underfull \hbox (badness 10000) in paragraph at lines 387--405

 []

[8]
Underfull \hbox (badness 10000) in paragraph at lines 433--445

 []


Underfull \hbox (badness 10000) in paragraph at lines 463--465

 []

[9]
Underfull \hbox (badness 10000) in paragraph at lines 499--502

 []


Underfull \hbox (badness 10000) in paragraph at lines 514--517

 []


Underfull \hbox (badness 10000) in paragraph at lines 518--539

 []

[10]
Underfull \hbox (badness 10000) in paragraph at lines 568--596

 []

[11]
Underfull \hbox (badness 10000) in paragraph at lines 598--602

 []


Underfull \hbox (badness 10000) in paragraph at lines 603--613

 []


Underfull \hbox (badness 10000) in paragraph at lines 615--626

 []

[12]
Underfull \hbox (badness 10000) in paragraph at lines 627--637

 []


Underfull \hbox (badness 10000) in paragraph at lines 638--646

 []


Underfull \hbox (badness 10000) in paragraph at lines 650--664

 []


Underfull \hbox (badness 10000) in paragraph at lines 666--673

 []

[13]
Underfull \hbox (badness 10000) in paragraph at lines 674--675

 []


Underfull \hbox (badness 10000) in paragraph at lines 677--690

 []


Underfull \hbox (badness 10000) in paragraph at lines 691--695

 []


Underfull \hbox (badness 10000) in paragraph at lines 696--703

 []


Underfull \hbox (badness 10000) in paragraph at lines 712--719

 []

[14]
Underfull \hbox (badness 10000) in paragraph at lines 720--724

 []


Underfull \hbox (badness 10000) in paragraph at lines 726--729

 []


Underfull \hbox (badness 10000) in paragraph at lines 730--734

 []


Underfull \hbox (badness 10000) in paragraph at lines 735--743

 []


Underfull \hbox (badness 10000) in paragraph at lines 744--752

 []


Underfull \hbox (badness 10000) in paragraph at lines 754--757

 []


Underfull \hbox (badness 10000) in paragraph at lines 758--762

 []


Underfull \hbox (badness 10000) in paragraph at lines 763--769

 []

[15]
Underfull \hbox (badness 10000) in paragraph at lines 771--779

 []


Underfull \hbox (badness 10000) in paragraph at lines 780--784

 []


Underfull \hbox (badness 10000) in paragraph at lines 786--809

 []


Underfull \hbox (badness 10000) in paragraph at lines 810--814

 []

[16]
Underfull \hbox (badness 10000) in paragraph at lines 815--821

 []


Underfull \hbox (badness 10000) in paragraph at lines 826--829

 []


Underfull \hbox (badness 10000) in paragraph at lines 830--832

 []


Underfull \hbox (badness 10000) in paragraph at lines 833--835

 []


Underfull \hbox (badness 10000) in paragraph at lines 836--839

 []


Underfull \hbox (badness 10000) in paragraph at lines 840--843

 []


Underfull \hbox (badness 10000) in paragraph at lines 844--852

 []


Underfull \hbox (badness 10000) in paragraph at lines 853--860

 []

[17]
Underfull \hbox (badness 10000) in paragraph at lines 862--864

 []


Underfull \hbox (badness 10000) in paragraph at lines 865--875

 []


Underfull \hbox (badness 10000) in paragraph at lines 876--878

 []


Underfull \hbox (badness 10000) in paragraph at lines 879--904

 []


Underfull \hbox (badness 10000) in paragraph at lines 908--913

 []

[18]
Underfull \hbox (badness 10000) in paragraph at lines 914--919

 []


Underfull \hbox (badness 10000) in paragraph at lines 921--927

 []


Underfull \hbox (badness 10000) in paragraph at lines 928--936

 []


Underfull \hbox (badness 10000) in paragraph at lines 938--949

 []

[19]
Underfull \hbox (badness 10000) in paragraph at lines 963--971

 []


Underfull \hbox (badness 10000) in paragraph at lines 972--987

 []


Underfull \hbox (badness 10000) in paragraph at lines 988--992

 []


Underfull \hbox (badness 10000) in paragraph at lines 993--998

 []

[20]
Underfull \hbox (badness 10000) in paragraph at lines 1007--1015

 []


Underfull \hbox (badness 10000) in paragraph at lines 1020--1026

 []


Underfull \hbox (badness 10000) in paragraph at lines 1027--1029

 []


Underfull \hbox (badness 10000) in paragraph at lines 1030--1033

 []


Underfull \hbox (badness 10000) in paragraph at lines 1034--1037

 []


Underfull \hbox (badness 10000) in paragraph at lines 1038--1040

 []


Underfull \hbox (badness 10000) in paragraph at lines 1041--1043

 []


Underfull \hbox (badness 10000) in paragraph at lines 1044--1046

 []


Underfull \hbox (badness 10000) in paragraph at lines 1047--1053

 []

[21]
Underfull \hbox (badness 10000) in paragraph at lines 1057--1063

 []


Overfull \hbox (4.49036pt too wide) in paragraph at lines 1066--1070
\T1/cmr/m/n/12 which is greater than or equal to 0.878*value(y*) which is great
er than or equal to 0.878*MAX-
 []


Underfull \hbox (badness 10000) in paragraph at lines 1066--1070

 []


Underfull \hbox (badness 10000) in paragraph at lines 1071--1077

 []


Underfull \hbox (badness 10000) in paragraph at lines 1078--1093

 []

[22]
This exam contains 0 questions with 0 parts, 0 subparts, and 0 subsubparts.
This exam has a total of 0 points.
This exam has a total of 0 bonus points.
(./AA.aux) ) 
Here is how much of TeX's memory you used:
 2304 strings out of 493117
 27449 string characters out of 6135433
 96411 words of memory out of 5000000
 5785 multiletter control sequences out of 15000+600000
 13226 words of font info for 39 fonts, out of 8000000 for 9000
 1141 hyphenation exceptions out of 8191
 28i,10n,26p,222b,238s stack positions out of 5000i,500n,10000p,200000b,80000s
{/usr/local/texlive/2014/texmf-dist/fonts/enc/dvips/cm-super/cm-sup
er-t1.enc}</usr/local/texlive/2014/texmf-dist/fonts/type1/public/amsfonts/cm/cm
mi12.pfb></usr/local/texlive/2014/texmf-dist/fonts/type1/public/amsfonts/cm/cmm
i6.pfb></usr/local/texlive/2014/texmf-dist/fonts/type1/public/amsfonts/cm/cmmi8
.pfb></usr/local/texlive/2014/texmf-dist/fonts/type1/public/amsfonts/cm/cmr12.p
fb></usr/local/texlive/2014/texmf-dist/fonts/type1/public/amsfonts/cm/cmr6.pfb>
</usr/local/texlive/2014/texmf-dist/fonts/type1/public/amsfonts/cm/cmr8.pfb></u
sr/local/texlive/2014/texmf-dist/fonts/type1/public/amsfonts/cm/cmsy10.pfb></us
r/local/texlive/2014/texmf-dist/fonts/type1/public/amsfonts/cm/cmsy6.pfb></usr/
local/texlive/2014/texmf-dist/fonts/type1/public/amsfonts/cm/cmsy8.pfb></usr/lo
cal/texlive/2014/texmf-dist/fonts/type1/public/cm-super/sfbx1200.pfb></usr/loca
l/texlive/2014/texmf-dist/fonts/type1/public/cm-super/sfbx1440.pfb></usr/local/
texlive/2014/texmf-dist/fonts/type1/public/cm-super/sfbx1728.pfb></usr/local/te
xlive/2014/texmf-dist/fonts/type1/public/cm-super/sfrm1200.pfb></usr/local/texl
ive/2014/texmf-dist/fonts/type1/public/cm-super/sftt1200.pfb>
Output written on AA.pdf (22 pages, 263756 bytes).
PDF statistics:
 132 PDF objects out of 1000 (max. 8388607)
 93 compressed objects within 1 object stream
 0 named destinations out of 1000 (max. 500000)
 1 words of extra memory for PDF output out of 10000 (max. 10000000)

