This is pdfTeX, Version 3.14159265-2.6-1.40.15 (TeX Live 2014) (preloaded format=pdflatex 2014.8.12)  22 MAR 2015 14:50
entering extended mode
 restricted \write18 enabled.
 %&-line parsing enabled.
**report.tex
(./report.tex
LaTeX2e <2014/05/01>
Babel <3.9k> and hyphenation patterns for 78 languages loaded.
(/usr/local/texlive/2014/texmf-dist/tex/latex/exam/exam.cls
Document Class: exam 2011/05/22 Version 2.4 by Philip Hirschhorn
(/usr/local/texlive/2014/texmf-dist/tex/latex/base/ifthen.sty
Package: ifthen 2001/05/26 v1.1c Standard LaTeX ifthen package (DPC)
)
(/usr/local/texlive/2014/texmf-dist/tex/latex/base/article.cls
Document Class: article 2007/10/19 v1.4h Standard LaTeX document class
(/usr/local/texlive/2014/texmf-dist/tex/latex/base/size12.clo
File: size12.clo 2007/10/19 v1.4h Standard LaTeX file (size option)
)
\c@part=\count79
\c@section=\count80
\c@subsection=\count81
\c@subsubsection=\count82
\c@paragraph=\count83
\c@subparagraph=\count84
\c@figure=\count85
\c@table=\count86
\abovecaptionskip=\skip41
\belowcaptionskip=\skip42
\bibindent=\dimen102
)
\@extrawidth=\skip43
\@rightmargin=\skip44
\@extrahead=\skip45
\@extrafoot=\skip46
\run@exhd=\skip47
\fp@exhd=\skip48
\run@exft=\skip49
\fp@exft=\skip50
\covrun@exhd=\skip51
\covfp@exhd=\skip52
\covrun@exft=\skip53
\covfp@exft=\skip54
\c@num@coverpages=\count87
\c@latest@ques=\count88
\c@ques@end=\count89
\c@last@object=\count90
\c@incmp@ques=\count91
\c@next@ques=\count92
\c@nextq@page=\count93
\c@tmp@hlfcntr=\count94
\c@ifpos@cntr=\count95
\c@question=\count96
\c@partno=\count97
\c@subpart=\count98
\c@subsubpart=\count99
\c@choice=\count100
\c@numpoints=\count101
\c@numbonuspoints=\count102
\c@pointsof@thisquestion=\count103
\c@bonuspointsof@thisquestion=\count104
\c@numquestions=\count105
\c@numparts=\count106
\c@numsubparts=\count107
\c@numsubsubparts=\count108
\c@Curr@Page=\count109
\c@@pagepoints=\count110
\c@@pagebonuspoints=\count111
\c@pageof@pagepoints=\count112
\c@pageof@pagebonuspoints=\count113
\c@latest@points=\count114
\c@latest@bonuspoints=\count115
\pageinfo@commands=\toks14
\temp@toks=\toks15
\pagepoint@commands=\toks16
\point@toks=\toks17
\c@ques@object=\count116
\marginpointssep=\skip55
\rightpointsmargin=\skip56
\choice@toks=\toks18
\answerlinelength=\skip57
\answerskip=\skip58
\answerclearance=\skip59
\linefillheight=\skip60
\linefillthickness=\skip61
\dottedlinefillheight=\skip62
\minboxheight=\skip63
\c@@iterator=\count117
\@cellwidth=\skip64
\c@tbl@points=\count118
\c@tbl@bonuspoints=\count119
\c@num@cols=\count120
\saved@totalleftmargin=\dimen103
\@sollistdepth=\count121
\FrameRule=\dimen104
\FrameSep=\dimen105
)
(/usr/local/texlive/2014/texmf-dist/tex/latex/amsmath/amsmath.sty
Package: amsmath 2013/01/14 v2.14 AMS math features
\@mathmargin=\skip65

For additional information on amsmath, use the `?' option.
(/usr/local/texlive/2014/texmf-dist/tex/latex/amsmath/amstext.sty
Package: amstext 2000/06/29 v2.01

(/usr/local/texlive/2014/texmf-dist/tex/latex/amsmath/amsgen.sty
File: amsgen.sty 1999/11/30 v2.0
\@emptytoks=\toks19
\ex@=\dimen106
))
(/usr/local/texlive/2014/texmf-dist/tex/latex/amsmath/amsbsy.sty
Package: amsbsy 1999/11/29 v1.2d
\pmbraise@=\dimen107
)
(/usr/local/texlive/2014/texmf-dist/tex/latex/amsmath/amsopn.sty
Package: amsopn 1999/12/14 v2.01 operator names
)
\inf@bad=\count122
LaTeX Info: Redefining \frac on input line 210.
\uproot@=\count123
\leftroot@=\count124
LaTeX Info: Redefining \overline on input line 306.
\classnum@=\count125
\DOTSCASE@=\count126
LaTeX Info: Redefining \ldots on input line 378.
LaTeX Info: Redefining \dots on input line 381.
LaTeX Info: Redefining \cdots on input line 466.
\Mathstrutbox@=\box26
\strutbox@=\box27
\big@size=\dimen108
LaTeX Font Info:    Redeclaring font encoding OML on input line 566.
LaTeX Font Info:    Redeclaring font encoding OMS on input line 567.
\macc@depth=\count127
\c@MaxMatrixCols=\count128
\dotsspace@=\muskip10
\c@parentequation=\count129
\dspbrk@lvl=\count130
\tag@help=\toks20
\row@=\count131
\column@=\count132
\maxfields@=\count133
\andhelp@=\toks21
\eqnshift@=\dimen109
\alignsep@=\dimen110
\tagshift@=\dimen111
\tagwidth@=\dimen112
\totwidth@=\dimen113
\lineht@=\dimen114
\@envbody=\toks22
\multlinegap=\skip66
\multlinetaggap=\skip67
\mathdisplay@stack=\toks23
LaTeX Info: Redefining \[ on input line 2665.
LaTeX Info: Redefining \] on input line 2666.
)
(/usr/local/texlive/2014/texmf-dist/tex/latex/amsfonts/amssymb.sty
Package: amssymb 2013/01/14 v3.01 AMS font symbols

(/usr/local/texlive/2014/texmf-dist/tex/latex/amsfonts/amsfonts.sty
Package: amsfonts 2013/01/14 v3.01 Basic AMSFonts support
\symAMSa=\mathgroup4
\symAMSb=\mathgroup5
LaTeX Font Info:    Overwriting math alphabet `\mathfrak' in version `bold'
(Font)                  U/euf/m/n --> U/euf/b/n on input line 106.
))
(/usr/local/texlive/2014/texmf-dist/tex/latex/base/fontenc.sty
Package: fontenc 2005/09/27 v1.99g Standard LaTeX package

(/usr/local/texlive/2014/texmf-dist/tex/latex/base/t1enc.def
File: t1enc.def 2005/09/27 v1.99g Standard LaTeX file
LaTeX Font Info:    Redeclaring font encoding T1 on input line 43.
))
(/usr/local/texlive/2014/texmf-dist/tex/latex/graphics/graphicx.sty
Package: graphicx 2014/04/25 v1.0g Enhanced LaTeX Graphics (DPC,SPQR)

(/usr/local/texlive/2014/texmf-dist/tex/latex/graphics/keyval.sty
Package: keyval 2014/05/08 v1.15 key=value parser (DPC)
\KV@toks@=\toks24
)
(/usr/local/texlive/2014/texmf-dist/tex/latex/graphics/graphics.sty
Package: graphics 2009/02/05 v1.0o Standard LaTeX Graphics (DPC,SPQR)

(/usr/local/texlive/2014/texmf-dist/tex/latex/graphics/trig.sty
Package: trig 1999/03/16 v1.09 sin cos tan (DPC)
)
(/usr/local/texlive/2014/texmf-dist/tex/latex/latexconfig/graphics.cfg
File: graphics.cfg 2010/04/23 v1.9 graphics configuration of TeX Live
)
Package graphics Info: Driver file: pdftex.def on input line 91.

(/usr/local/texlive/2014/texmf-dist/tex/latex/pdftex-def/pdftex.def
File: pdftex.def 2011/05/27 v0.06d Graphics/color for pdfTeX

(/usr/local/texlive/2014/texmf-dist/tex/generic/oberdiek/infwarerr.sty
Package: infwarerr 2010/04/08 v1.3 Providing info/warning/error messages (HO)
)
(/usr/local/texlive/2014/texmf-dist/tex/generic/oberdiek/ltxcmds.sty
Package: ltxcmds 2011/11/09 v1.22 LaTeX kernel commands for general use (HO)
)
\Gread@gobject=\count134
))
\Gin@req@height=\dimen115
\Gin@req@width=\dimen116
)

LaTeX Warning: Unused global option(s):
    [solution].

(./report.aux)
\openout1 = `report.aux'.

LaTeX Font Info:    Checking defaults for OML/cmm/m/it on input line 6.
LaTeX Font Info:    ... okay on input line 6.
LaTeX Font Info:    Checking defaults for T1/cmr/m/n on input line 6.
LaTeX Font Info:    ... okay on input line 6.
LaTeX Font Info:    Checking defaults for OT1/cmr/m/n on input line 6.
LaTeX Font Info:    ... okay on input line 6.
LaTeX Font Info:    Checking defaults for OMS/cmsy/m/n on input line 6.
LaTeX Font Info:    ... okay on input line 6.
LaTeX Font Info:    Checking defaults for OMX/cmex/m/n on input line 6.
LaTeX Font Info:    ... okay on input line 6.
LaTeX Font Info:    Checking defaults for U/cmr/m/n on input line 6.
LaTeX Font Info:    ... okay on input line 6.

(/usr/local/texlive/2014/texmf-dist/tex/context/base/supp-pdf.mkii
[Loading MPS to PDF converter (version 2006.09.02).]
\scratchcounter=\count135
\scratchdimen=\dimen117
\scratchbox=\box28
\nofMPsegments=\count136
\nofMParguments=\count137
\everyMPshowfont=\toks25
\MPscratchCnt=\count138
\MPscratchDim=\dimen118
\MPnumerator=\count139
\makeMPintoPDFobject=\count140
\everyMPtoPDFconversion=\toks26
) (/usr/local/texlive/2014/texmf-dist/tex/generic/oberdiek/pdftexcmds.sty
Package: pdftexcmds 2011/11/29 v0.20 Utility functions of pdfTeX for LuaTeX (HO
)

(/usr/local/texlive/2014/texmf-dist/tex/generic/oberdiek/ifluatex.sty
Package: ifluatex 2010/03/01 v1.3 Provides the ifluatex switch (HO)
Package ifluatex Info: LuaTeX not detected.
)
(/usr/local/texlive/2014/texmf-dist/tex/generic/oberdiek/ifpdf.sty
Package: ifpdf 2011/01/30 v2.3 Provides the ifpdf switch (HO)
Package ifpdf Info: pdfTeX in PDF mode is detected.
)
Package pdftexcmds Info: LuaTeX not detected.
Package pdftexcmds Info: \pdf@primitive is available.
Package pdftexcmds Info: \pdf@ifprimitive is available.
Package pdftexcmds Info: \pdfdraftmode found.
)
(/usr/local/texlive/2014/texmf-dist/tex/latex/oberdiek/epstopdf-base.sty
Package: epstopdf-base 2010/02/09 v2.5 Base part for package epstopdf

(/usr/local/texlive/2014/texmf-dist/tex/latex/oberdiek/grfext.sty
Package: grfext 2010/08/19 v1.1 Manage graphics extensions (HO)

(/usr/local/texlive/2014/texmf-dist/tex/generic/oberdiek/kvdefinekeys.sty
Package: kvdefinekeys 2011/04/07 v1.3 Define keys (HO)
))
(/usr/local/texlive/2014/texmf-dist/tex/latex/oberdiek/kvoptions.sty
Package: kvoptions 2011/06/30 v3.11 Key value format for package options (HO)

(/usr/local/texlive/2014/texmf-dist/tex/generic/oberdiek/kvsetkeys.sty
Package: kvsetkeys 2012/04/25 v1.16 Key value parser (HO)

(/usr/local/texlive/2014/texmf-dist/tex/generic/oberdiek/etexcmds.sty
Package: etexcmds 2011/02/16 v1.5 Avoid name clashes with e-TeX commands (HO)
Package etexcmds Info: Could not find \expanded.
(etexcmds)             That can mean that you are not using pdfTeX 1.50 or
(etexcmds)             that some package has redefined \expanded.
(etexcmds)             In the latter case, load this package earlier.
)))
Package grfext Info: Graphics extension search list:
(grfext)             [.png,.pdf,.jpg,.mps,.jpeg,.jbig2,.jb2,.PNG,.PDF,.JPG,.JPE
G,.JBIG2,.JB2,.eps]
(grfext)             \AppendGraphicsExtensions on input line 452.

(/usr/local/texlive/2014/texmf-dist/tex/latex/latexconfig/epstopdf-sys.cfg
File: epstopdf-sys.cfg 2010/07/13 v1.3 Configuration of (r)epstopdf for TeX Liv
e
))
LaTeX Font Info:    Try loading font information for T1+cmss on input line 10.

(/usr/local/texlive/2014/texmf-dist/tex/latex/base/t1cmss.fd
File: t1cmss.fd 1999/05/25 v2.5h Standard LaTeX font definitions
)
Underfull \hbox (badness 10000) in paragraph at lines 9--18

 []

LaTeX Font Info:    Try loading font information for T1+cmtt on input line 19.
(/usr/local/texlive/2014/texmf-dist/tex/latex/base/t1cmtt.fd
File: t1cmtt.fd 1999/05/25 v2.5h Standard LaTeX font definitions
)
Overfull \hbox (98.2063pt too wide) in paragraph at lines 32--32
[]\T1/cmtt/m/n/12 std::string specificNode = "/NodeList/" + nodeId.str () + "/$
ns3::TcpL4Protocol/SocketType";[] 
 []


Overfull \hbox (110.55328pt too wide) in paragraph at lines 32--32
[]\T1/cmtt/m/n/12 Ptr<Socket> localSocket = Socket::CreateSocket (n0n1.Get (0),
 TcpSocketFactory::GetTypeId ());[] 
 []

LaTeX Font Info:    Try loading font information for OMS+cmr on input line 40.
(/usr/local/texlive/2014/texmf-dist/tex/latex/base/omscmr.fd
File: omscmr.fd 1999/05/25 v2.5h Standard LaTeX font definitions
)
LaTeX Font Info:    Font shape `OMS/cmr/m/n' in size <12> not available
(Font)              Font shape `OMS/cmsy/m/n' tried instead on input line 40.

Underfull \hbox (badness 10000) in paragraph at lines 40--46

 []


Underfull \hbox (badness 10000) in paragraph at lines 57--66

 []

[1

{/usr/local/texlive/2014/texmf-var/fonts/map/pdftex/updmap/pdftex.map}]
Underfull \hbox (badness 10000) in paragraph at lines 67--69

 []

[2] <TcpTahoe.png, id=14, 578.16pt x 433.62pt>
File: TcpTahoe.png Graphic file (type png)
 <use TcpTahoe.png>
Package pdftex.def Info: TcpTahoe.png used on input line 73.
(pdftex.def)             Requested size: 578.15858pt x 433.61894pt.

Overfull \hbox (108.40358pt too wide) in paragraph at lines 70--74
[] 
 []

[3 <./TcpTahoe.png>] <TcpTahoe2.png, id=20, 578.16pt x 433.62pt>
File: TcpTahoe2.png Graphic file (type png)

<use TcpTahoe2.png>
Package pdftex.def Info: TcpTahoe2.png used on input line 77.
(pdftex.def)             Requested size: 578.15858pt x 433.61894pt.

Overfull \hbox (108.40358pt too wide) in paragraph at lines 75--78
[] 
 []

[4 <./TcpTahoe2.png>] <TcpTahoe3.png, id=25, 578.16pt x 433.62pt>
File: TcpTahoe3.png Graphic file (type png)

<use TcpTahoe3.png>
Package pdftex.def Info: TcpTahoe3.png used on input line 84.
(pdftex.def)             Requested size: 578.15858pt x 433.61894pt.

Overfull \hbox (108.40358pt too wide) in paragraph at lines 79--85
[] 
 []

[5 <./TcpTahoe3.png>]
Underfull \hbox (badness 10000) in paragraph at lines 87--99

 []

[6] <TcpReno.png, id=33, 578.16pt x 433.62pt>
File: TcpReno.png Graphic file (type png)
 <use TcpReno.png>
Package pdftex.def Info: TcpReno.png used on input line 100.
(pdftex.def)             Requested size: 578.15858pt x 433.61894pt.

Overfull \hbox (126.0284pt too wide) in paragraph at lines 100--101
[][] 
 []

[7 <./TcpReno.png>] <TcpReno2.png, id=39, 578.16pt x 433.62pt>
File: TcpReno2.png Graphic file (type png)

<use TcpReno2.png>
Package pdftex.def Info: TcpReno2.png used on input line 102.
(pdftex.def)             Requested size: 578.15858pt x 433.61894pt.

Overfull \hbox (126.0284pt too wide) in paragraph at lines 102--103
[][] 
 []

[8 <./TcpReno2.png>]
Underfull \hbox (badness 10000) in paragraph at lines 105--106

 []


Underfull \hbox (badness 10000) in paragraph at lines 107--108

 []


Underfull \hbox (badness 10000) in paragraph at lines 109--110

 []

[9] <TcpNewReno.png, id=47, 578.16pt x 433.62pt>
File: TcpNewReno.png Graphic file (type png)
 <use TcpNewReno.png>
Package pdftex.def Info: TcpNewReno.png used on input line 119.
(pdftex.def)             Requested size: 578.15858pt x 433.61894pt.

Overfull \hbox (126.0284pt too wide) in paragraph at lines 119--120
[][] 
 []

[10 <./TcpNewReno.png>] <TcpNewReno2.png, id=52, 578.16pt x 433.62pt>
File: TcpNewReno2.png Graphic file (type png)

<use TcpNewReno2.png>
Package pdftex.def Info: TcpNewReno2.png used on input line 121.
(pdftex.def)             Requested size: 578.15858pt x 433.61894pt.

Overfull \hbox (126.0284pt too wide) in paragraph at lines 121--122
[][] 
 []

[11 <./TcpNewReno2.png>] <TcpNewReno3.png, id=57, 578.16pt x 433.62pt>
File: TcpNewReno3.png Graphic file (type png)

<use TcpNewReno3.png>
Package pdftex.def Info: TcpNewReno3.png used on input line 123.
(pdftex.def)             Requested size: 578.15858pt x 433.61894pt.

Overfull \hbox (126.0284pt too wide) in paragraph at lines 123--124
[][] 
 []


Underfull \hbox (badness 10000) in paragraph at lines 125--127

 []


Underfull \hbox (badness 10000) in paragraph at lines 128--130

 []


Underfull \hbox (badness 10000) in paragraph at lines 131--135

 []

[12 <./TcpNewReno3.png>]
Overfull \hbox (121.4075pt too wide) in paragraph at lines 145--145
 []        \T1/cmtt/m/n/12 double adder = static_cast<double> (m_segmentSize * 
m_segmentSize) / m_cWnd.Get ();[] 
 []


Overfull \hbox (72.01956pt too wide) in paragraph at lines 145--145
 []      \T1/cmtt/m/n/12 // I slowly do exponential increase here as well if cW
nd is not already high.[] 
 []


Overfull \hbox (22.63162pt too wide) in paragraph at lines 157--157
 []\T1/cmtt/m/n/12 m_ssThresh = std::max (2 * m_segmentSize, 4*BytesInFlight ()
 / 5);//changed[] 
 []


Overfull \hbox (22.63162pt too wide) in paragraph at lines 167--167
 []\T1/cmtt/m/n/12 m_ssThresh = std::max (2 * m_segmentSize, 3*BytesInFlight ()
 / 4);//changed[] 
 []


Underfull \hbox (badness 10000) in paragraph at lines 169--173

 []


Underfull \hbox (badness 10000) in paragraph at lines 174--175

 []


Underfull \hbox (badness 10000) in paragraph at lines 176--177

 []

[13] <TcpMine.png, id=66, 578.16pt x 433.62pt>
File: TcpMine.png Graphic file (type png)
 <use TcpMine.png>
Package pdftex.def Info: TcpMine.png used on input line 181.
(pdftex.def)             Requested size: 578.15858pt x 433.61894pt.

Overfull \hbox (126.0284pt too wide) in paragraph at lines 181--182
[][] 
 []

[14 <./TcpMine.png>] <TcpMine3.png, id=71, 578.16pt x 433.62pt>
File: TcpMine3.png Graphic file (type png)

<use TcpMine3.png>
Package pdftex.def Info: TcpMine3.png used on input line 183.
(pdftex.def)             Requested size: 578.15858pt x 433.61894pt.

Overfull \hbox (126.0284pt too wide) in paragraph at lines 183--184
[][] 
 []

[15 <./TcpMine3.png>] <TcpMine31.png, id=76, 578.16pt x 433.62pt>
File: TcpMine31.png Graphic file (type png)

<use TcpMine31.png>
Package pdftex.def Info: TcpMine31.png used on input line 185.
(pdftex.def)             Requested size: 578.15858pt x 433.61894pt.

Overfull \hbox (126.0284pt too wide) in paragraph at lines 185--186
[][] 
 []

[16 <./TcpMine31.png>] <TcpMine32.png, id=81, 578.16pt x 433.62pt>
File: TcpMine32.png Graphic file (type png)

<use TcpMine32.png>
Package pdftex.def Info: TcpMine32.png used on input line 187.
(pdftex.def)             Requested size: 578.15858pt x 433.61894pt.

Overfull \hbox (126.0284pt too wide) in paragraph at lines 187--188
[][] 
 []

[17 <./TcpMine32.png>] <TcpMine33.png, id=86, 578.16pt x 433.62pt>
File: TcpMine33.png Graphic file (type png)

<use TcpMine33.png>
Package pdftex.def Info: TcpMine33.png used on input line 189.
(pdftex.def)             Requested size: 578.15858pt x 433.61894pt.

Overfull \hbox (126.0284pt too wide) in paragraph at lines 189--190
[][] 
 []

[18 <./TcpMine33.png>]
This exam contains 0 questions with 0 parts, 0 subparts, and 0 subsubparts.
This exam has a total of 0 points.
This exam has a total of 0 bonus points.
(./report.aux) ) 
Here is how much of TeX's memory you used:
 3593 strings out of 493117
 47394 string characters out of 6135433
 116752 words of memory out of 5000000
 7014 multiletter control sequences out of 15000+600000
 7587 words of font info for 21 fonts, out of 8000000 for 9000
 1141 hyphenation exceptions out of 8191
 37i,9n,26p,457b,371s stack positions out of 5000i,500n,10000p,200000b,80000s
{/usr/local/texlive/2014/texmf-dist/fonts/enc/dvips/cm-super/cm
-super-t1.enc}</usr/local/texlive/2014/texmf-dist/fonts/type1/public/amsfonts/c
m/cmsy10.pfb></usr/local/texlive/2014/texmf-dist/fonts/type1/public/cm-super/sf
bx1728.pfb></usr/local/texlive/2014/texmf-dist/fonts/type1/public/cm-super/sfrm
1200.pfb></usr/local/texlive/2014/texmf-dist/fonts/type1/public/cm-super/sfss12
00.pfb></usr/local/texlive/2014/texmf-dist/fonts/type1/public/cm-super/sftt1200
.pfb>
Output written on report.pdf (18 pages, 698395 bytes).
PDF statistics:
 110 PDF objects out of 1000 (max. 8388607)
 58 compressed objects within 1 object stream
 0 named destinations out of 1000 (max. 500000)
 66 words of extra memory for PDF output out of 10000 (max. 10000000)

